<?xml version="1.0" encoding="UTF-8"?>
<!-- Generated by org.testng.reporters.JUnitXMLReporter -->
<testsuite hostname="UPSCRATCH" ignored="0" name="/Users/amuthansakthivel/IdeaProjects/RestAssuredAssignment" tests="2" failures="2" timestamp="23 Jan 2022 16:41:09 GMT" time="5.73" errors="0">
  <testcase name="testOTTResponse" time="4.425" classname="com.tests.IntigralOTTTests">
    <failure type="java.lang.NullPointerException">
      <![CDATA[java.lang.NullPointerException
	at com.report.ExtentLogger.logRequestAndResponse(ExtentLogger.java:24)
	at com.tests.IntigralOTTTests.testOTTResponse(IntigralOTTTests.java:42)
	at java.util.concurrent.ThreadPoolExecutor.runWorker(ThreadPoolExecutor.java:1149)
	at java.util.concurrent.ThreadPoolExecutor$Worker.run(ThreadPoolExecutor.java:624)
	at java.lang.Thread.run(Thread.java:748)
... Removed 10 stack frames]]>
    </failure>
  </testcase> <!-- testOTTResponse -->
  <testcase name="validateErrorOnInvalidToken" time="0.864" classname="com.tests.IntigralOTTTests">
    <failure type="java.lang.NullPointerException">
      <![CDATA[java.lang.NullPointerException
	at com.report.ExtentLogger.logRequestAndResponse(ExtentLogger.java:24)
	at com.tests.IntigralOTTTests.validateErrorOnInvalidToken(IntigralOTTTests.java:77)
	at java.util.concurrent.ThreadPoolExecutor.runWorker(ThreadPoolExecutor.java:1149)
	at java.util.concurrent.ThreadPoolExecutor$Worker.run(ThreadPoolExecutor.java:624)
	at java.lang.Thread.run(Thread.java:748)
... Removed 10 stack frames]]>
    </failure>
  </testcase> <!-- validateErrorOnInvalidToken -->
</testsuite> <!-- /Users/amuthansakthivel/IdeaProjects/RestAssuredAssignment -->
