<?xml version="1.0" encoding="UTF-8"?>
<testsuite xmlns:xsi="http://www.w3.org/2001/XMLSchema-instance" xsi:noNamespaceSchemaLocation="https://maven.apache.org/surefire/maven-surefire-plugin/xsd/surefire-test-report-3.0.xsd" version="3.0" name="TestSuite" time="10.378" tests="2" errors="0" skipped="0" failures="0">
  <properties>
[...]
</properties>
  <testcase name="testOTTResponse[webB2BGDMSTGExy0sVDlZMzNDdUyZ](1)" classname="com.tests.IntigralOTTTests" time="7.457">
    <system-out><![CDATA[Request method:	GET
Request URI:	https://api.intigral-ott.net/popcorn-api-rs-7.9.17/v1/promotions?apikey=webB2BGDMSTGExy0sVDlZMzNDdUyZ
Proxy:			<none>
Request params:	<none>
Query params:	apikey=webB2BGDMSTGExy0sVDlZMzNDdUyZ
Form params:	<none>
Path params:	<none>
Headers:		Accept=*/*
				Content-Type=application/json
Cookies:		<none>
Multiparts:		<none>
Body:			<none>
{
    "promotions": [
        {
            "promotionId": "sabe movie for b2b",
            "orderId": 32,
            "promoArea": [
                "home:main"
            ],
            "promoType": "VOD",
            "showPrice": false,
            "showText": false,
            "localizedTexts": {
                "ar": [
                    "Sabe movie",
                    " ",
                    " "
                ],
                "en": [
                    "Sabe movie",
                    " ",
                    " "
                ]
            },
            "properties": [
                {
                    "year": "2019",
                    "programType": "movie",
                    "currency": "SAR",
                    "programAvailabilityId": "http://data.entertainment.tv.theplatform.eu/entertainment/data/ProgramAvailability/192005160233",
                    "rating": {
                        "scheme": "urn:www.citc.gov.sa",
                        "rating": "15"
                    },
                    "categories": [
                        "GADM",
                        "Movies"
                    ],
                    "genre": [
                        "Comedy"
                    ],
                    "programDescription": {
                        "ar": "فيلم كوميدي اجتماعي. يعقد عمر ونسمة قرانهما رغم استنكار عائلتيهما، لكن تقع المأساة حين يهاجم مسلحون العروسَين. هل يمكن للزوجين الخروج سالِمَين من الصدمة؟ أم أن ارتباطهما محكوم عليه بالخيبة والفشل؟",
                        "en": "Comedy. Despite the disapproval of their families, Omar and Nesma tie the knot but tragedy strikes when armed assailants attack the newlyweds. Can the couple emerge unscathed from the trauma or is their union doomed?"
                    },
                    "duration": "5382"
                }
            ],
            "images": [
                {
                    "id": "280x392",
                    "url": "https://s3-eu-west-1.amazonaws.com/image.wt/Promotions/main/main_1618394942.jpeg",
                    "width": 280,
                    "height": 392
                },
                {
                    "id": "1024x392",
                    "url": "https://s3-eu-west-1.amazonaws.com/image.wt/Promotions/tablet/tablet_1618394942.jpeg",
                    "width": 1024,
                    "height": 392
                },
                {
                    "id": "640x487",
                    "url": "https://s3-eu-west-1.amazonaws.com/image.wt/Promotions/mobile/mobile_1618394942.jpeg",
                    "width": 640,
                    "height": 487
                },
                {
                    "id": "1920x1080",
                    "url": "https://s3-eu-west-1.amazonaws.com/image.wt/Promotions/weblandscape/weblandscape_1618394942.jpeg",
                    "width": 1920,
                    "height": 1080
                },
                {
                    "id": "396x586",
                    "url": "https://s3-eu-west-1.amazonaws.com/image.wt/Promotions/webportrait/webportrait_1618394942.jpeg",
                    "width": 396,
                    "height": 586
                },
                {
                    "id": "1920x1080",
                    "url": "https://s3-eu-west-1.amazonaws.com/image.wt/Promotions/webcp_en/webcp_en_1618394942.jpeg",
                    "width": 1920,
                    "height": 1080
                },
                {
                    "id": "1920x1080",
                    "url": "https://s3-eu-west-1.amazonaws.com/image.wt/Promotions/webcp_ar/webcp_ar_1618394942.jpeg",
                    "width": 1920,
                    "height": 1080
                },
                {
                    "id": "1272x440",
                    "url": "https://s3-eu-west-1.amazonaws.com/image.wt/Promotions/webcp_logo_en/webcp_logo_en_1618394942.png",
                    "width": 1272,
                    "height": 440
                },
                {
                    "id": "1272x440",
                    "url": "https://s3-eu-west-1.amazonaws.com/image.wt/Promotions/webcp_logo_ar/webcp_logo_ar_1618394943.png",
                    "width": 1272,
                    "height": 440
                }
            ]
        },
        {
            "promotionId": "Bharti Rewind b2b",
            "orderId": 50,
            "promoArea": [
                "home:main"
            ],
            "promoType": "REWIND",
            "showPrice": true,
            "showText": true,
            "localizedTexts": {
                "ar": [
                    "Bharti Rewind b2b2c",
                    " "
                ],
                "en": [
                    "Bharti Rewind b2b2c",
                    " "
                ]
            },
            "properties": [
                {
                    "channelId": "http://data.entertainment.tv.theplatform.eu/entertainment/data/Channel/97776168178",
                    "stationId": "http://data.entertainment.tv.theplatform.eu/entertainment/data/Station/97775656356",
                    "price": "Free",
                    "currency": "USD",
                    "programAvailabilityId": "http://data.entertainment.tv.theplatform.eu/entertainment/data/ProgramAvailability/103781928279",
                    "rating": {
                        "scheme": "urn:www.citc.gov.sa",
                        "rating": "family"
                    },
                    "startTime": 1643014140000,
                    "endTime": 1643015640000,
                    "listingId": "http://data.entertainment.tv.theplatform.eu/entertainment/data/Listing/257112103956",
                    "channelNumber": 171,
                    "channelTitle": "La3ab Wa Jad",
                    "programTitle": {
                        "ar": "ماركو بولو",
                        "en": "The Travels of the Young Marco Polo"
                    },
                    "type": "LINEAR"
                }
            ],
            "images": [
                {
                    "id": "280x392",
                    "url": "https://s3-eu-west-1.amazonaws.com/image.wt/Promotions/main/main_1626078725.jpeg",
                    "width": 280,
                    "height": 392
                },
                {
                    "id": "1024x392",
                    "url": "https://s3-eu-west-1.amazonaws.com/image.wt/Promotions/tablet/tablet_1626078725.jpeg",
                    "width": 1024,
                    "height": 392
                },
                {
                    "id": "640x487",
                    "url": "https://s3-eu-west-1.amazonaws.com/image.wt/Promotions/mobile/mobile_1626078725.jpeg",
                    "width": 640,
                    "height": 487
                },
                {
                    "id": "1920x1080",
                    "url": "https://s3-eu-west-1.amazonaws.com/image.wt/Promotions/weblandscape/weblandscape_1626078725.jpeg",
                    "width": 1920,
                    "height": 1080
                },
                {
                    "id": "396x586",
                    "url": "https://s3-eu-west-1.amazonaws.com/image.wt/Promotions/webportrait/webportrait_1626078725.jpeg",
                    "width": 396,
                    "height": 586
                },
                {
                    "id": "1920x1080",
                    "url": "https://s3-eu-west-1.amazonaws.com/image.wt/Promotions/webcp_en/webcp_en_1626078725.jpeg",
                    "width": 1920,
                    "height": 1080
                },
                {
                    "id": "1920x1080",
                    "url": "https://s3-eu-west-1.amazonaws.com/image.wt/Promotions/webcp_ar/webcp_ar_1626078725.jpeg",
                    "width": 1920,
                    "height": 1080
                },
                {
                    "id": "396x586",
                    "url": "https://s3-eu-west-1.amazonaws.com/image.wt/Promotions/webcp_logo_en/webcp_logo_en_1626078725.jpeg",
                    "width": 396,
                    "height": 586
                },
                {
                    "id": "396x586",
                    "url": "https://s3-eu-west-1.amazonaws.com/image.wt/Promotions/webcp_logo_ar/webcp_logo_ar_1626078725.jpeg",
                    "width": 396,
                    "height": 586
                }
            ]
        },
        {
            "promotionId": "Bharti subscription b2b",
            "orderId": 52,
            "promoArea": [
                "home:main"
            ],
            "promoType": "SUBSCRIPTION",
            "showPrice": true,
            "showText": true,
            "localizedTexts": {
                "ar": [
                    "Bharti subscription b2b2c",
                    " "
                ],
                "en": [
                    "Bharti subscription b2b2c",
                    " "
                ]
            },
            "properties": [
                {
                    "price": "28.00",
                    "currency": "SAR",
                    "subscriptionGuid": "BASE_SUBSCRIPTION"
                }
            ],
            "images": [
                {
                    "id": "280x392",
                    "url": "https://s3-eu-west-1.amazonaws.com/image.wt/Promotions/main/main_1626078795.jpeg",
                    "width": 280,
                    "height": 392
                },
                {
                    "id": "1024x392",
                    "url": "https://s3-eu-west-1.amazonaws.com/image.wt/Promotions/tablet/tablet_1626078795.jpeg",
                    "width": 1024,
                    "height": 392
                },
                {
                    "id": "640x487",
                    "url": "https://s3-eu-west-1.amazonaws.com/image.wt/Promotions/mobile/mobile_1626078795.jpeg",
                    "width": 640,
                    "height": 487
                },
                {
                    "id": "1920x1080",
                    "url": "https://s3-eu-west-1.amazonaws.com/image.wt/Promotions/weblandscape/weblandscape_1626078795.jpeg",
                    "width": 1920,
                    "height": 1080
                },
                {
                    "id": "396x586",
                    "url": "https://s3-eu-west-1.amazonaws.com/image.wt/Promotions/webportrait/webportrait_1626078795.jpeg",
                    "width": 396,
                    "height": 586
                },
                {
                    "id": "1920x1080",
                    "url": "https://s3-eu-west-1.amazonaws.com/image.wt/Promotions/webcp_en/webcp_en_1626078795.jpeg",
                    "width": 1920,
                    "height": 1080
                },
                {
                    "id": "1920x1080",
                    "url": "https://s3-eu-west-1.amazonaws.com/image.wt/Promotions/webcp_ar/webcp_ar_1626078795.jpeg",
                    "width": 1920,
                    "height": 1080
                },
                {
                    "id": "396x586",
                    "url": "https://s3-eu-west-1.amazonaws.com/image.wt/Promotions/webcp_logo_en/webcp_logo_en_1626078795.jpeg",
                    "width": 396,
                    "height": 586
                },
                {
                    "id": "396x586",
                    "url": "https://s3-eu-west-1.amazonaws.com/image.wt/Promotions/webcp_logo_ar/webcp_logo_ar_1626078795.jpeg",
                    "width": 396,
                    "height": 586
                }
            ]
        },
        {
            "promotionId": "Bharti channel b2b",
            "orderId": 53,
            "promoArea": [
                "home:main"
            ],
            "promoType": "CHANNEL",
            "showPrice": true,
            "showText": true,
            "localizedTexts": {
                "ar": [
                    "Bharti Arabic b2b",
                    " ",
                    " "
                ],
                "en": [
                    "Bharti Arabic b2b2c",
                    " "
                ]
            },
            "properties": [
                {
                    "channelId": "http://data.entertainment.tv.theplatform.eu/entertainment/data/Channel/132941864273",
                    "guid": "JAW1_KSA",
                    "updated": 1632895945000,
                    "title": "Jawwy TV Live",
                    "channelNumber": 1,
                    "locationId": "http://data.entertainment.tv.theplatform.eu/entertainment/data/Location/61157928362",
                    "categories": [
                        "Entertainment"
                    ],
                    "subscriptionGuids": [
                        "BASE_SUBSCRIPTION",
                        "BASE_PLUS_SUBSCRIPTION"
                    ]
                }
            ],
            "images": [
                {
                    "id": "280x392",
                    "url": "https://s3-eu-west-1.amazonaws.com/image.wt/Promotions/main/main_1626084994.jpeg",
                    "width": 280,
                    "height": 392
                },
                {
                    "id": "1024x392",
                    "url": "https://s3-eu-west-1.amazonaws.com/image.wt/Promotions/tablet/tablet_1626084994.jpeg",
                    "width": 1024,
                    "height": 392
                },
                {
                    "id": "640x487",
                    "url": "https://s3-eu-west-1.amazonaws.com/image.wt/Promotions/mobile/mobile_1626084994.jpeg",
                    "width": 640,
                    "height": 487
                },
                {
                    "id": "1920x1080",
                    "url": "https://s3-eu-west-1.amazonaws.com/image.wt/Promotions/weblandscape/weblandscape_1626084994.jpeg",
                    "width": 1920,
                    "height": 1080
                },
                {
                    "id": "396x586",
                    "url": "https://s3-eu-west-1.amazonaws.com/image.wt/Promotions/webportrait/webportrait_1626084994.jpeg",
                    "width": 396,
                    "height": 586
                },
                {
                    "id": "1920x1080",
                    "url": "https://s3-eu-west-1.amazonaws.com/image.wt/Promotions/webcp_en/webcp_en_1626084994.jpeg",
                    "width": 1920,
                    "height": 1080
                },
                {
                    "id": "1920x1080",
                    "url": "https://s3-eu-west-1.amazonaws.com/image.wt/Promotions/webcp_ar/webcp_ar_1626084994.jpeg",
                    "width": 1920,
                    "height": 1080
                },
                {
                    "id": "396x586",
                    "url": "https://s3-eu-west-1.amazonaws.com/image.wt/Promotions/webcp_logo_en/webcp_logo_en_1626084994.jpeg",
                    "width": 396,
                    "height": 586
                },
                {
                    "id": "396x586",
                    "url": "https://s3-eu-west-1.amazonaws.com/image.wt/Promotions/webcp_logo_ar/webcp_logo_ar_1626084994.jpeg",
                    "width": 396,
                    "height": 586
                }
            ]
        },
        {
            "promotionId": "Bharti Episode b2b2c",
            "orderId": 54,
            "promoArea": [
                "home:main"
            ],
            "promoType": "EPISODE",
            "showPrice": true,
            "showText": true,
            "localizedTexts": {
                "ar": [
                    "Bharti Episode b2b2c",
                    " "
                ],
                "en": [
                    "Bharti Episode b2b2c",
                    " "
                ]
            },
            "properties": [
                {
                    "year": "2007",
                    "programType": "episode",
                    "currency": "SAR",
                    "programAvailabilityId": "http://data.entertainment.tv.theplatform.eu/entertainment/data/ProgramAvailability/215535143960",
                    "rating": {
                        "scheme": "urn:www.citc.gov.sa",
                        "rating": "18"
                    },
                    "categories": [
                        "Arabic",
                        "GADM",
                        "Series"
                    ],
                    "seriesId": "http://data.entertainment.tv.theplatform.eu/entertainment/data/Program/guid/2702652773/079_INT-INTIGRAL-SERIES-S0009594",
                    "seasonNumber": 1,
                    "seriesPaId": "http://data.entertainment.tv.theplatform.eu/entertainment/data/ProgramAvailability/215440424268",
                    "genre": [
                        "Drama"
                    ],
                    "programDescription": {
                        "ar": "من بطولة صلاح السعدني وبوسي وعبد الرحمن أبو زهرة وكوكبة من نجوم الدراما المصرية، يلقي هذا المسلسل الجريء نظرة ثاقبة على حرب الأيام الستة عام 1967 التي غيرت المشهد السياسي في الشرق الأوسط.",
                        "en": "Starring Salah E-Saadani, Busi and Abdel Rahman Abou Zahra, this gritty drama series takes an unflinching look at the 1967 Six-Day War that transformed the political landscape of the Middle East."
                    },
                    "duration": "2881",
                    "episodeNumber": 28,
                    "seriesGuid": "079_INT-INTIGRAL-SERIES-S0009594"
                }
            ],
            "images": [
                {
                    "id": "280x392",
                    "url": "https://s3-eu-west-1.amazonaws.com/image.wt/Promotions/main/main_1626085396.jpeg",
                    "width": 280,
                    "height": 392
                },
                {
                    "id": "1024x392",
                    "url": "https://s3-eu-west-1.amazonaws.com/image.wt/Promotions/tablet/tablet_1626085396.jpeg",
                    "width": 1024,
                    "height": 392
                },
                {
                    "id": "640x487",
                    "url": "https://s3-eu-west-1.amazonaws.com/image.wt/Promotions/mobile/mobile_1626085396.jpeg",
                    "width": 640,
                    "height": 487
                },
                {
                    "id": "1920x1080",
                    "url": "https://s3-eu-west-1.amazonaws.com/image.wt/Promotions/weblandscape/weblandscape_1626085396.jpeg",
                    "width": 1920,
                    "height": 1080
                },
                {
                    "id": "396x586",
                    "url": "https://s3-eu-west-1.amazonaws.com/image.wt/Promotions/webportrait/webportrait_1626085396.jpeg",
                    "width": 396,
                    "height": 586
                },
                {
                    "id": "1920x1080",
                    "url": "https://s3-eu-west-1.amazonaws.com/image.wt/Promotions/webcp_en/webcp_en_1626085396.jpeg",
                    "width": 1920,
                    "height": 1080
                },
                {
                    "id": "1920x1080",
                    "url": "https://s3-eu-west-1.amazonaws.com/image.wt/Promotions/webcp_ar/webcp_ar_1626085396.jpeg",
                    "width": 1920,
                    "height": 1080
                },
                {
                    "id": "396x586",
                    "url": "https://s3-eu-west-1.amazonaws.com/image.wt/Promotions/webcp_logo_en/webcp_logo_en_1626085396.jpeg",
                    "width": 396,
                    "height": 586
                },
                {
                    "id": "396x586",
                    "url": "https://s3-eu-west-1.amazonaws.com/image.wt/Promotions/webcp_logo_ar/webcp_logo_ar_1626085397.jpeg",
                    "width": 396,
                    "height": 586
                }
            ]
        },
        {
            "promotionId": "Bharti season b2b",
            "orderId": 55,
            "promoArea": [
                "home:main"
            ],
            "promoType": "SEASON",
            "showPrice": true,
            "showText": true,
            "localizedTexts": {
                "ar": [
                    "Bharti season b2b",
                    " ",
                    " "
                ],
                "en": [
                    "Bharti season b2b",
                    " ",
                    " "
                ]
            },
            "properties": [
                {
                    "rating": {
                        "scheme": "urn:www.citc.gov.sa",
                        "rating": "Family"
                    },
                    "guid": "048_INT-INTIGRAL-SEASON-S0008770004",
                    "updated": 1626081083000,
                    "title": "Karameesh Kids Songs, S04",
                    "seasonId": "http://data.entertainment.tv.theplatform.eu/entertainment/data/TvSeason/215440424274",
                    "seriesId": "http://data.entertainment.tv.theplatform.eu/entertainment/data/Program/guid/2702652773/048_INT-INTIGRAL-SERIES-S0008770",
                    "seasonNumber": 4,
                    "seriesPaId": "http://data.entertainment.tv.theplatform.eu/entertainment/data/ProgramAvailability/141522984065",
                    "noOfEpisodes": 13,
                    "seriesGuid": "048_INT-INTIGRAL-SERIES-S0008770",
                    "firstEpisodeId": "http://data.entertainment.tv.theplatform.eu/entertainment/data/ProgramAvailability/215531560417"
                }
            ],
            "images": [
                {
                    "id": "280x392",
                    "url": "https://s3-eu-west-1.amazonaws.com/image.wt/Promotions/main/main_1626101030.jpeg",
                    "width": 280,
                    "height": 392
                },
                {
                    "id": "1024x392",
                    "url": "https://s3-eu-west-1.amazonaws.com/image.wt/Promotions/tablet/tablet_1626101030.jpeg",
                    "width": 1024,
                    "height": 392
                },
                {
                    "id": "640x487",
                    "url": "https://s3-eu-west-1.amazonaws.com/image.wt/Promotions/mobile/mobile_1626101030.jpeg",
                    "width": 640,
                    "height": 487
                },
                {
                    "id": "1920x1080",
                    "url": "https://s3-eu-west-1.amazonaws.com/image.wt/Promotions/weblandscape/weblandscape_1626101030.jpeg",
                    "width": 1920,
                    "height": 1080
                },
                {
                    "id": "396x586",
                    "url": "https://s3-eu-west-1.amazonaws.com/image.wt/Promotions/webportrait/webportrait_1626101030.jpeg",
                    "width": 396,
                    "height": 586
                },
                {
                    "id": "1920x1080",
                    "url": "https://s3-eu-west-1.amazonaws.com/image.wt/Promotions/webcp_en/webcp_en_1626101030.jpeg",
                    "width": 1920,
                    "height": 1080
                },
                {
                    "id": "1920x1080",
                    "url": "https://s3-eu-west-1.amazonaws.com/image.wt/Promotions/webcp_ar/webcp_ar_1626101030.jpeg",
                    "width": 1920,
                    "height": 1080
                },
                {
                    "id": "396x586",
                    "url": "https://s3-eu-west-1.amazonaws.com/image.wt/Promotions/webcp_logo_en/webcp_logo_en_1626101030.jpeg",
                    "width": 396,
                    "height": 586
                },
                {
                    "id": "396x586",
                    "url": "https://s3-eu-west-1.amazonaws.com/image.wt/Promotions/webcp_logo_ar/webcp_logo_ar_1626101030.jpeg",
                    "width": 396,
                    "height": 586
                }
            ]
        }
    ]
}
]]></system-out>
  </testcase>
  <testcase name="validateErrorOnInvalidToken[webB2BGDMSTGExy0sVDlZMzNDdUyZ1234](1)" classname="com.tests.IntigralOTTTests" time="0.878">
    <system-out><![CDATA[Request method:	GET
Request URI:	https://api.intigral-ott.net/popcorn-api-rs-7.9.17/v1/promotions?apikey=webB2BGDMSTGExy0sVDlZMzNDdUyZ1234
Proxy:			<none>
Request params:	<none>
Query params:	apikey=webB2BGDMSTGExy0sVDlZMzNDdUyZ1234
Form params:	<none>
Path params:	<none>
Headers:		Accept=*/*
				Content-Type=application/json
Cookies:		<none>
Multiparts:		<none>
Body:			<none>
{
    "error": {
        "message": "invalid api key",
        "code": "8001",
        "requestId": "73e9095a-9ac5-4355-8b88-43560dad270e"
    }
}
]]></system-out>
  </testcase>
</testsuite>